==21281== Memcheck, a memory error detector
==21281== Copyright (C) 2002-2017, and GNU GPL'd, by Julian Seward et al.
==21281== Using Valgrind-3.18.1 and LibVEX; rerun with -h for copyright info
==21281== Command: ./phonebook
==21281== Parent PID: 17699
==21281== 
==21281== 
==21281== HEAP SUMMARY:
==21281==     in use at exit: 302 bytes in 4 blocks
==21281==   total heap usage: 9 allocs, 5 frees, 2,710 bytes allocated
==21281== 
==21281== 62 bytes in 2 blocks are definitely lost in loss record 1 of 3
==21281==    at 0x4848899: malloc (in /usr/libexec/valgrind/vgpreload_memcheck-amd64-linux.so)
==21281==    by 0x1094EE: insert (phonebook.c:101)
==21281==    by 0x109400: main (phonebook.c:59)
==21281==    by 0x4894D8F: __libc_start_call_main (libc_start_call_main.h:58)
==21281==    by 0x4894E3F: __libc_start_main@@GLIBC_2.34 (libc-start.c:392)
==21281==    by 0x109204: _start (in /home/lee-kol/Desktop/phonbook-students/phonebook)
==21281==    by 0x1FFEFFFFE7: ???
==21281==    by 0x1B: ???
==21281== 
==21281== 120 bytes in 1 blocks are definitely lost in loss record 2 of 3
==21281==    at 0x4848899: malloc (in /usr/libexec/valgrind/vgpreload_memcheck-amd64-linux.so)
==21281==    by 0x48EB1A2: getdelim (iogetdelim.c:62)
==21281==    by 0x109BA3: edit (phonebook.c:199)
==21281==    by 0x10940E: main (phonebook.c:65)
==21281==    by 0x4894D8F: __libc_start_call_main (libc_start_call_main.h:58)
==21281==    by 0x4894E3F: __libc_start_main@@GLIBC_2.34 (libc-start.c:392)
==21281==    by 0x109204: _start (in /home/lee-kol/Desktop/phonbook-students/phonebook)
==21281==    by 0x1FFEFFFFE7: ???
==21281==    by 0x1B: ???
==21281== 
==21281== 120 bytes in 1 blocks are definitely lost in loss record 3 of 3
==21281==    at 0x4848899: malloc (in /usr/libexec/valgrind/vgpreload_memcheck-amd64-linux.so)
==21281==    by 0x48EB1A2: getdelim (iogetdelim.c:62)
==21281==    by 0x109BD5: edit (phonebook.c:201)
==21281==    by 0x10940E: main (phonebook.c:65)
==21281==    by 0x4894D8F: __libc_start_call_main (libc_start_call_main.h:58)
==21281==    by 0x4894E3F: __libc_start_main@@GLIBC_2.34 (libc-start.c:392)
==21281==    by 0x109204: _start (in /home/lee-kol/Desktop/phonbook-students/phonebook)
==21281==    by 0x1FFEFFFFE7: ???
==21281==    by 0x1B: ???
==21281== 
==21281== LEAK SUMMARY:
==21281==    definitely lost: 302 bytes in 4 blocks
==21281==    indirectly lost: 0 bytes in 0 blocks
==21281==      possibly lost: 0 bytes in 0 blocks
==21281==    still reachable: 0 bytes in 0 blocks
==21281==         suppressed: 0 bytes in 0 blocks
==21281== 
==21281== For lists of detected and suppressed errors, rerun with: -s
==21281== ERROR SUMMARY: 3 errors from 3 contexts (suppressed: 0 from 0)
